*** Using Compiler 'V5.06 update 6 (build 750)', folder: 'D:\Keil_v5\ARM\ARMCC\Bin'
Rebuild target 'PWM'
assembling startup_stm32f10x_md.s...
compiling main.c...
..\MYLIB\PWM\PWM.h(8): warning:  #1-D: last line of file ends without a newline
  #endif
main.c: 1 warning, 0 errors
compiling stm32f10x_adc.c...
compiling stm32f10x_cec.c...
compiling core_cm3.c...
compiling system_stm32f10x.c...
compiling stm32f10x_it.c...
compiling misc.c...
compiling stm32f10x_crc.c...
compiling stm32f10x_dbgmcu.c...
compiling stm32f10x_dma.c...
compiling stm32f10x_bkp.c...
compiling stm32f10x_dac.c...
compiling stm32f10x_exti.c...
compiling stm32f10x_can.c...
compiling stm32f10x_flash.c...
compiling stm32f10x_fsmc.c...
compiling stm32f10x_gpio.c...
compiling stm32f10x_iwdg.c...
compiling stm32f10x_i2c.c...
compiling stm32f10x_pwr.c...
compiling stm32f10x_rcc.c...
compiling stm32f10x_rtc.c...
compiling stm32f10x_wwdg.c...
compiling stm32f10x_spi.c...
compiling stm32f10x_sdio.c...
compiling stm32f10x_usart.c...
compiling delay.c...
compiling usart.c...
compiling key.c...
compiling stm32f10x_tim.c...
compiling tim.c...
compiling led.c...
compiling pwm.c...
..\MYLIB\PWM\pwm.h(8): warning:  #1-D: last line of file ends without a newline
  #endif
..\MYLIB\PWM\pwm.c(34): warning:  #1-D: last line of file ends without a newline
  }
..\MYLIB\PWM\pwm.c(8): warning:  #177-D: variable "NVIC_InitStruct"  was declared but never referenced
    NVIC_InitTypeDef NVIC_InitStruct;
..\MYLIB\PWM\pwm.c: 3 warnings, 0 errors
compiling sys.c...
linking...
Program Size: Code=1832 RO-data=268 RW-data=36 ZI-data=1228  
FromELF: creating hex file...
"..\OBJ\Template_F103RB.axf" - 0 Error(s), 4 Warning(s).
Build Time Elapsed:  00:00:02
