*** Using Compiler 'V5.06 update 6 (build 750)', folder: 'D:\Keil_v5\ARM\ARMCC\Bin'
Rebuild target 'TIM_HAL'
assembling startup_stm32f103xb.s...
compiling stm32f1xx_hal_rcc_ex.c...
compiling tim.c...
../Core/Inc/main.h(81): warning:  #29-D: expected an expression
  #elif
../Core/Src/tim.c: 1 warning, 0 errors
compiling stm32f1xx_hal.c...
compiling main.c...
../Core/Inc/main.h(81): warning:  #29-D: expected an expression
  #elif
../Core/Src/main.c: 1 warning, 0 errors
compiling stm32f1xx_hal_gpio_ex.c...
compiling gpio.c...
../Core/Inc/main.h(81): warning:  #29-D: expected an expression
  #elif
../Core/Src/gpio.c: 1 warning, 0 errors
compiling stm32f1xx_hal_msp.c...
../Core/Inc/main.h(81): warning:  #29-D: expected an expression
  #elif
../Core/Src/stm32f1xx_hal_msp.c: 1 warning, 0 errors
compiling usart.c...
../Core/Inc/main.h(81): warning:  #29-D: expected an expression
  #elif
../Core/Src/usart.c: 1 warning, 0 errors
compiling stm32f1xx_hal_gpio.c...
compiling stm32f1xx_it.c...
../Core/Inc/main.h(81): warning:  #29-D: expected an expression
  #elif
../Core/Src/stm32f1xx_it.c: 1 warning, 0 errors
compiling stm32f1xx_hal_dma.c...
compiling stm32f1xx_hal_rcc.c...
compiling stm32f1xx_hal_tim_ex.c...
compiling stm32f1xx_hal_tim.c...
compiling stm32f1xx_hal_flash.c...
compiling system_stm32f1xx.c...
compiling stm32f1xx_hal_cortex.c...
compiling stm32f1xx_hal_exti.c...
compiling stm32f1xx_hal_flash_ex.c...
compiling stm32f1xx_hal_pwr.c...
compiling stm32f1xx_hal_uart.c...
linking...
Program Size: Code=5184 RO-data=292 RW-data=36 ZI-data=1164  
FromELF: creating hex file...
"TIM_HAL\TIM_HAL.axf" - 0 Error(s), 6 Warning(s).
Build Time Elapsed:  00:00:09
