*** Using Compiler 'V5.06 update 6 (build 750)', folder: 'D:\Keil_v5\ARM\ARMCC\Bin'
Build target 'Target 1'
compiling stm32f10x_it.c...
compiling stm32f10x_gpio.c...
compiling stm32f10x_wwdg.c...
compiling stm32f10x_pwr.c...
compiling stm32f10x_rcc.c...
compiling stm32f10x_adc.c...
compiling stm32f10x_usart.c...
compiling misc.c...
compiling stm32f10x_tim.c...
compiling stm32f10x_iwdg.c...
compiling stm32f10x_dma.c...
compiling stm32f10x_dac.c...
compiling stm32f10x_exti.c...
compiling main.c...
.\APP\tftlcd\tftlcd.h(159): warning:  #1-D: last line of file ends without a newline
  #endif
User\main.c: 1 warning, 0 errors
compiling stm32f10x_rtc.c...
compiling stm32f10x_bkp.c...
compiling core_cm3.c...
compiling stm32f10x_spi.c...
compiling stm32f10x_can.c...
compiling stm32f10x_fsmc.c...
compiling system_stm32f10x.c...
compiling led.c...
compiling adc.c...
compiling adc_temp.c...
compiling lsens.c...
compiling key.c...
compiling pwm.c...
compiling dac.c...
compiling pwm_dac.c...
compiling dma.c...
compiling 24cxx.c...
compiling rtc.c...
compiling can.c...
compiling iic.c...
compiling spi.c...
compiling tftlcd.c...
APP\tftlcd\tftlcd.h(159): warning:  #1-D: last line of file ends without a newline
  #endif
APP\tftlcd\tftlcd.c(1083): warning:  #177-D: variable "r1"  was declared but never referenced
      u16 r1, r2, r3;
APP\tftlcd\tftlcd.c(1083): warning:  #177-D: variable "r2"  was declared but never referenced
      u16 r1, r2, r3;
APP\tftlcd\tftlcd.c(1083): warning:  #177-D: variable "r3"  was declared but never referenced
      u16 r1, r2, r3;
APP\tftlcd\tftlcd.c(1084): warning:  #177-D: variable "value"  was declared but never referenced
      u32 value;
APP\tftlcd\tftlcd.c(1356): warning:  #177-D: variable "i"  was declared but never referenced
      u16 i;
APP\tftlcd\tftlcd.c(4661): warning:  #550-D: variable "num"  was set but never used
      long tmp = 0, num = 0;
APP\tftlcd\tftlcd.c: 7 warnings, 0 errors
compiling flash.c...
compiling stm32_flash.c...
compiling system.c...
compiling SysTick.c...
compiling usart.c...
linking...
Program Size: Code=8068 RO-data=19088 RW-data=48 ZI-data=5336  
FromELF: creating hex file...
".\Obj\Template.axf" - 0 Error(s), 8 Warning(s).
Build Time Elapsed:  00:00:04
