*** Using Compiler 'V5.06 update 6 (build 750)', folder: 'D:\Keil_v5\ARM\ARMCC\Bin'
Rebuild target 'Target 1'
assembling startup_stm32f10x_hd.s...
compiling main.c...
compiling stm32f10x_gpio.c...
compiling stm32f10x_it.c...
compiling core_cm3.c...
compiling misc.c...
compiling stm32f10x_exti.c...
compiling led.c...
compiling stm32f10x_tim.c...
compiling system_stm32f10x.c...
compiling stm32f10x_wwdg.c...
compiling stm32f10x_iwdg.c...
compiling stm32f10x_usart.c...
compiling touch_key.c...
compiling stm32f10x_rcc.c...
compiling system.c...
compiling usart.c...
compiling SysTick.c...
linking...
Program Size: Code=4480 RO-data=336 RW-data=36 ZI-data=1228  
FromELF: creating hex file...
".\Obj\Template.axf" - 0 Error(s), 0 Warning(s).
Build Time Elapsed:  00:00:01
